<?xml version="1.0" encoding="UTF-8"?>
<!-- Generated by org.testng.reporters.JUnitXMLReporter -->
<testsuite ignored="0" hostname="DESKTOP-LOTA8N8" failures="0" tests="4" name="TestN" time="26.858" errors="0" timestamp="2023-04-26T04:52:37 EDT">
  <testcase classname="testLayer.LoginTest" name="Title" time="0.017"/>
  <testcase classname="testLayer.LoginTest" name="Login" time="3.213"/>
  <testcase classname="testLayer.LoginTest" name="Login" time="3.23"/>
  <testcase classname="testLayer.LoginTest" name="Login" time="3.21"/>
</testsuite> <!-- TestN -->
