<?xml version="1.0" encoding="UTF-8"?>
<!-- Generated by org.testng.reporters.JUnitXMLReporter -->
<testsuite ignored="0" hostname="DESKTOP-LOTA8N8" failures="0" tests="4" name="Default test" time="27.072" errors="0" timestamp="2023-04-26T05:46:27 EDT">
  <testcase classname="testLayer.LoginTest" name="Title" time="0.089"/>
  <testcase classname="testLayer.LoginTest" name="Login" time="3.218"/>
  <testcase classname="testLayer.LoginTest" name="Login" time="3.258"/>
  <testcase classname="testLayer.LoginTest" name="Login" time="3.341"/>
</testsuite> <!-- Default test -->
