<?xml version="1.0" encoding="UTF-8"?>
<testng-results ignored="0" total="4" passed="4" failed="0" skipped="0">
  <reporter-output>
  </reporter-output>
  <suite started-at="2023-04-26T05:46:00 EDT" name="Default suite" finished-at="2023-04-26T05:46:27 EDT" duration-ms="27072">
    <groups>
    </groups>
    <test started-at="2023-04-26T05:46:00 EDT" name="Default test" finished-at="2023-04-26T05:46:27 EDT" duration-ms="27072">
      <class name="testLayer.LoginTest">
        <test-method is-config="true" signature="initsetup()[pri:0, instance:testLayer.LoginTest@47af7f3d]" started-at="2023-04-26T05:46:00 EDT" name="initsetup" finished-at="2023-04-26T05:46:05 EDT" duration-ms="4593" status="PASS">
          <reporter-output>
          </reporter-output>
        </test-method> <!-- initsetup -->
        <test-method signature="Title()[pri:1, instance:testLayer.LoginTest@47af7f3d]" started-at="2023-04-26T05:46:05 EDT" name="Title" finished-at="2023-04-26T05:46:05 EDT" duration-ms="89" status="PASS">
          <reporter-output>
          </reporter-output>
        </test-method> <!-- Title -->
        <test-method is-config="true" signature="close()[pri:0, instance:testLayer.LoginTest@47af7f3d]" started-at="2023-04-26T05:46:05 EDT" name="close" finished-at="2023-04-26T05:46:05 EDT" duration-ms="123" status="PASS">
          <reporter-output>
          </reporter-output>
        </test-method> <!-- close -->
        <test-method is-config="true" signature="initsetup()[pri:0, instance:testLayer.LoginTest@47af7f3d]" started-at="2023-04-26T05:46:06 EDT" name="initsetup" finished-at="2023-04-26T05:46:10 EDT" duration-ms="3874" status="PASS">
          <reporter-output>
          </reporter-output>
        </test-method> <!-- initsetup -->
        <test-method signature="Login(java.lang.String,java.lang.String)[pri:2, instance:testLayer.LoginTest@47af7f3d]" started-at="2023-04-26T05:46:10 EDT" name="Login" data-provider="Details" finished-at="2023-04-26T05:46:13 EDT" duration-ms="3218" status="PASS">
          <params>
            <param index="0">
              <value>
                <![CDATA[Admin]]>
              </value>
            </param>
            <param index="1">
              <value>
                <![CDATA[admin123]]>
              </value>
            </param>
          </params>
          <reporter-output>
          </reporter-output>
        </test-method> <!-- Login -->
        <test-method is-config="true" signature="close()[pri:0, instance:testLayer.LoginTest@47af7f3d]" started-at="2023-04-26T05:46:13 EDT" name="close" finished-at="2023-04-26T05:46:13 EDT" duration-ms="117" status="PASS">
          <reporter-output>
          </reporter-output>
        </test-method> <!-- close -->
        <test-method is-config="true" signature="initsetup()[pri:0, instance:testLayer.LoginTest@47af7f3d]" started-at="2023-04-26T05:46:13 EDT" name="initsetup" finished-at="2023-04-26T05:46:17 EDT" duration-ms="3790" status="PASS">
          <reporter-output>
          </reporter-output>
        </test-method> <!-- initsetup -->
        <test-method signature="Login(java.lang.String,java.lang.String)[pri:2, instance:testLayer.LoginTest@47af7f3d]" started-at="2023-04-26T05:46:17 EDT" name="Login" data-provider="Details" finished-at="2023-04-26T05:46:20 EDT" duration-ms="3258" status="PASS">
          <params>
            <param index="0">
              <value>
                <![CDATA[Admin]]>
              </value>
            </param>
            <param index="1">
              <value>
                <![CDATA[abcd]]>
              </value>
            </param>
          </params>
          <reporter-output>
          </reporter-output>
        </test-method> <!-- Login -->
        <test-method is-config="true" signature="close()[pri:0, instance:testLayer.LoginTest@47af7f3d]" started-at="2023-04-26T05:46:20 EDT" name="close" finished-at="2023-04-26T05:46:20 EDT" duration-ms="109" status="PASS">
          <reporter-output>
          </reporter-output>
        </test-method> <!-- close -->
        <test-method is-config="true" signature="initsetup()[pri:0, instance:testLayer.LoginTest@47af7f3d]" started-at="2023-04-26T05:46:20 EDT" name="initsetup" finished-at="2023-04-26T05:46:24 EDT" duration-ms="3698" status="PASS">
          <reporter-output>
          </reporter-output>
        </test-method> <!-- initsetup -->
        <test-method signature="Login(java.lang.String,java.lang.String)[pri:2, instance:testLayer.LoginTest@47af7f3d]" started-at="2023-04-26T05:46:24 EDT" name="Login" data-provider="Details" finished-at="2023-04-26T05:46:27 EDT" duration-ms="3341" status="PASS">
          <params>
            <param index="0">
              <value>
                <![CDATA[scott]]>
              </value>
            </param>
            <param index="1">
              <value>
                <![CDATA[xyz]]>
              </value>
            </param>
          </params>
          <reporter-output>
          </reporter-output>
        </test-method> <!-- Login -->
        <test-method is-config="true" signature="close()[pri:0, instance:testLayer.LoginTest@47af7f3d]" started-at="2023-04-26T05:46:27 EDT" name="close" finished-at="2023-04-26T05:46:27 EDT" duration-ms="120" status="PASS">
          <reporter-output>
          </reporter-output>
        </test-method> <!-- close -->
      </class> <!-- testLayer.LoginTest -->
    </test> <!-- Default test -->
  </suite> <!-- Default suite -->
</testng-results>
